<?xml version="1.0" encoding="UTF-8"?>
<!-- Generated by org.testng.reporters.JUnitReportReporter -->
<testsuite skipped="0" hostname="DESKTOP-A6TS6T6" name="qaclickacademy.Mavenjava.SeleniumTest" tests="1" failures="0" timestamp="2020-05-18T21:20:44 BST" time="0.014" errors="0">
  <testcase name="ElementUi" time="0.014" classname="qaclickacademy.Mavenjava.SeleniumTest"/>
  <system-out/>
</testsuite> <!-- qaclickacademy.Mavenjava.SeleniumTest -->
