<?xml version="1.0" encoding="UTF-8"?>
<!-- Generated by org.testng.reporters.JUnitReportReporter -->
<testsuite skipped="0" hostname="DESKTOP-A6TS6T6" name="Practise.AppiumFramework.Ecommerce_tc_3" tests="1" failures="0" timestamp="2020-05-25T13:08:28 BST" time="52.976" errors="0">
  <testcase name="totalValidation" time="52.976" classname="Practise.AppiumFramework.Ecommerce_tc_3"/>
  <system-out/>
</testsuite> <!-- Practise.AppiumFramework.Ecommerce_tc_3 -->
