<?xml version="1.0" encoding="UTF-8"?>
<!-- Generated by org.testng.reporters.JUnitReportReporter -->
<testsuite skipped="0" hostname="DESKTOP-A6TS6T6" name="qaclickacademy.Mavenjava.RESTAPITest" tests="2" failures="0" timestamp="19 May 2020 19:25:16 GMT" time="0.012" errors="0">
  <testcase name="PostJira" time="0.001" classname="qaclickacademy.Mavenjava.RESTAPITest"/>
  <testcase name="DeleteTwitter" time="0.011" classname="qaclickacademy.Mavenjava.RESTAPITest"/>
</testsuite> <!-- qaclickacademy.Mavenjava.RESTAPITest -->
