<?xml version="1.0" encoding="UTF-8"?>
<!-- Generated by org.testng.reporters.JUnitReportReporter -->
<testsuite skipped="0" hostname="DESKTOP-A6TS6T6" name="Practise.AppiumFramework.Ecommerce_tc_3" tests="1" failures="0" timestamp="26 May 2020 12:19:36 GMT" time="49.528" errors="0">
  <testcase name="totalValidation" time="49.528" classname="Practise.AppiumFramework.Ecommerce_tc_3"/>
</testsuite> <!-- Practise.AppiumFramework.Ecommerce_tc_3 -->
