<?xml version="1.0" encoding="UTF-8"?>
<!-- Generated by org.testng.reporters.JUnitReportReporter -->
<testsuite skipped="0" hostname="DESKTOP-A6TS6T6" name="test.day1" tests="1" failures="0" timestamp="2020-05-17T20:53:39 BST" time="0.015" errors="0">
  <testcase name="Demo" time="0.015" classname="test.day1"/>
  <system-out/>
</testsuite> <!-- test.day1 -->
