<?xml version="1.0" encoding="UTF-8"?>
<!-- Generated by org.testng.reporters.JUnitReportReporter -->
<testsuite skipped="0" hostname="DESKTOP-A6TS6T6" name="test.day2" tests="1" failures="0" timestamp="2020-05-17T20:53:39 BST" time="0.004" errors="0">
  <testcase name="pload" time="0.004" classname="test.day2"/>
  <system-out/>
</testsuite> <!-- test.day2 -->
