<?xml version="1.0" encoding="UTF-8"?>
<!-- Generated by org.testng.reporters.JUnitReportReporter -->
<testsuite skipped="2" hostname="DESKTOP-A6TS6T6" name="test.day3" tests="17" failures="0" timestamp="2020-05-17T20:53:39 BST" time="0.053" errors="0">
  <testcase name="dataProviderTest" time="0.003" classname="test.day3"/>
  <system-out/>
  <testcase name="dataProviderTest" time="0.002" classname="test.day3"/>
  <system-out/>
  <testcase name="dataProviderTest" time="0.003" classname="test.day3"/>
  <system-out/>
  <testcase name="TestCarLoan1" time="0.003" classname="test.day3"/>
  <system-out/>
  <testcase name="dataProviderTest" time="0.002" classname="test.day3"/>
  <system-out/>
  <testcase name="MobileLogoutCarLoan" time="0.005" classname="test.day3"/>
  <system-out/>
  <testcase name="dataProviderTest" time="0.004" classname="test.day3"/>
  <system-out/>
  <testcase name="dataProviderTest" time="0.001" classname="test.day3"/>
  <system-out/>
  <testcase name="LoginAPICarLoan" time="0.003" classname="test.day3"/>
  <system-out/>
  <testcase name="TestCarLoan1" time="0.005" classname="test.day3"/>
  <system-out/>
  <testcase name="LoginAPICarLoan" time="0.003" classname="test.day3"/>
  <system-out/>
  <testcase name="MobileSignupCarLoan" time="0.009" classname="test.day3"/>
  <system-out/>
  <testcase name="TestCarLoan2" time="0.003" classname="test.day3"/>
  <system-out/>
  <testcase name="MobileLoginCarLoan" time="0.002" classname="test.day3"/>
  <system-out/>
  <testcase name="TestCarLoan2" time="0.005" classname="test.day3"/>
  <system-out/>
  <testcase name="WebLoginCarLoan" classname="test.day3">
    <skipped/>
  </testcase> <!-- WebLoginCarLoan -->
  <system-out/>
  <testcase name="WebLoginCarLoan" classname="test.day3">
    <skipped/>
  </testcase> <!-- WebLoginCarLoan -->
  <system-out/>
</testsuite> <!-- test.day3 -->
